# JRE version: OpenJDK Runtime Environment Temurin-17.0.1+12 (17.0.1+12) (build 17.0.1+12)
# Java VM: OpenJDK 64-Bit Server VM Temurin-17.0.1+12 (17.0.1+12, mixed mode, tiered, compressed oops, compressed class ptrs, parallel gc, windows-amd64)
GC Precious Log:
 CPUs: 4 total, 4 available
 Memory: 3955M
 Large Page Support: Disabled
 NUMA Support: Disabled
 Compressed Oops: Enabled (32-bit)
 Alignments: Space 512K, Generation 512K, Heap 2M
 Heap Min Capacity: 100M
 Heap Initial Capacity: 100M
 Heap Max Capacity: 1G
 Pre-touch: Disabled
 Parallel Workers: 4
Heap:
 PSYoungGen      total 7168K, used 2045K [0x00000000eab00000, 0x00000000ebc00000, 0x0000000100000000)
  eden space 5120K, 0% used [0x00000000eab00000,0x00000000eab00000,0x00000000eb000000)
  from space 2048K, 99% used [0x00000000eb000000,0x00000000eb1ff520,0x00000000eb200000)
  to   space 6144K, 0% used [0x00000000eb600000,0x00000000eb600000,0x00000000ebc00000)
 ParOldGen       total 198144K, used 197734K [0x00000000c0000000, 0x00000000cc180000, 0x00000000eab00000)
  object space 198144K, 99% used [0x00000000c0000000,0x00000000cc119b48,0x00000000cc180000)
 Metaspace       used 94471K, committed 95680K, reserved 1138688K
  class space    used 9457K, committed 9984K, reserved 1048576K
GC Heap History (20 events):
Event: 2443.064 GC heap after
{Heap after GC invocations=5526 (full 109):
 PSYoungGen      total 3584K, used 804K [0x00000000eab00000, 0x00000000eaf80000, 0x0000000100000000)
  eden space 2560K, 0% used [0x00000000eab00000,0x00000000eab00000,0x00000000ead80000)
  from space 1024K, 78% used [0x00000000eae80000,0x00000000eaf49210,0x00000000eaf80000)
  to   space 1024K, 0% used [0x00000000ead80000,0x00000000ead80000,0x00000000eae80000)
 ParOldGen       total 197120K, used 189059K [0x00000000c0000000, 0x00000000cc080000, 0x00000000eab00000)
  object space 197120K, 95% used [0x00000000c0000000,0x00000000cb8a0d08,0x00000000cc080000)
 Metaspace       used 94470K, committed 95680K, reserved 1138688K
  class space    used 9457K, committed 9984K, reserved 1048576K
}
Event: 2443.106 GC heap before
{Heap before GC invocations=5527 (full 109):
 PSYoungGen      total 3584K, used 3364K [0x00000000eab00000, 0x00000000eaf80000, 0x0000000100000000)
  eden space 2560K, 100% used [0x00000000eab00000,0x00000000ead80000,0x00000000ead80000)
  from space 1024K, 78% used [0x00000000eae80000,0x00000000eaf49210,0x00000000eaf80000)
  to   space 1024K, 0% used [0x00000000ead80000,0x00000000ead80000,0x00000000eae80000)
 ParOldGen       total 197120K, used 189059K [0x00000000c0000000, 0x00000000cc080000, 0x00000000eab00000)
  object space 197120K, 95% used [0x00000000c0000000,0x00000000cb8a0d08,0x00000000cc080000)
 Metaspace       used 94470K, committed 95680K, reserved 1138688K
  class space    used 9457K, committed 9984K, reserved 1048576K
}
Event: 2443.110 GC heap after
{Heap after GC invocations=5527 (full 109):
 PSYoungGen      total 3584K, used 628K [0x00000000eab00000, 0x00000000eaf80000, 0x0000000100000000)
  eden space 2560K, 0% used [0x00000000eab00000,0x00000000eab00000,0x00000000ead80000)
  from space 1024K, 61% used [0x00000000ead80000,0x00000000eae1d200,0x00000000eae80000)
  to   space 1024K, 0% used [0x00000000eae80000,0x00000000eae80000,0x00000000eaf80000)
 ParOldGen       total 197120K, used 189059K [0x00000000c0000000, 0x00000000cc080000, 0x00000000eab00000)
  object space 197120K, 95% used [0x00000000c0000000,0x00000000cb8a0d08,0x00000000cc080000)
 Metaspace       used 94470K, committed 95680K, reserved 1138688K
  class space    used 9457K, committed 9984K, reserved 1048576K
}
Event: 2444.018 GC heap before
{Heap before GC invocations=5528 (full 109):
 PSYoungGen      total 3584K, used 3188K [0x00000000eab00000, 0x00000000eaf80000, 0x0000000100000000)
  eden space 2560K, 100% used [0x00000000eab00000,0x00000000ead80000,0x00000000ead80000)
  from space 1024K, 61% used [0x00000000ead80000,0x00000000eae1d200,0x00000000eae80000)
  to   space 1024K, 0% used [0x00000000eae80000,0x00000000eae80000,0x00000000eaf80000)
 ParOldGen       total 197120K, used 189059K [0x00000000c0000000, 0x00000000cc080000, 0x00000000eab00000)
  object space 197120K, 95% used [0x00000000c0000000,0x00000000cb8a0d08,0x00000000cc080000)
 Metaspace       used 94471K, committed 95680K, reserved 1138688K
  class space    used 9457K, committed 9984K, reserved 1048576K
}
Event: 2444.023 GC heap after
{Heap after GC invocations=5528 (full 109):
 PSYoungGen      total 3584K, used 666K [0x00000000eab00000, 0x00000000eaf80000, 0x0000000100000000)
  eden space 2560K, 0% used [0x00000000eab00000,0x00000000eab00000,0x00000000ead80000)
  from space 1024K, 65% used [0x00000000eae80000,0x00000000eaf26900,0x00000000eaf80000)
  to   space 1024K, 0% used [0x00000000ead80000,0x00000000ead80000,0x00000000eae80000)
 ParOldGen       total 197120K, used 189075K [0x00000000c0000000, 0x00000000cc080000, 0x00000000eab00000)
  object space 197120K, 95% used [0x00000000c0000000,0x00000000cb8a4d08,0x00000000cc080000)
 Metaspace       used 94471K, committed 95680K, reserved 1138688K
  class space    used 9457K, committed 9984K, reserved 1048576K
}
Event: 2444.040 GC heap before
{Heap before GC invocations=5529 (full 109):
 PSYoungGen      total 3584K, used 3226K [0x00000000eab00000, 0x00000000eaf80000, 0x0000000100000000)
  eden space 2560K, 100% used [0x00000000eab00000,0x00000000ead80000,0x00000000ead80000)
  from space 1024K, 65% used [0x00000000eae80000,0x00000000eaf26900,0x00000000eaf80000)
  to   space 1024K, 0% used [0x00000000ead80000,0x00000000ead80000,0x00000000eae80000)
 ParOldGen       total 197120K, used 189075K [0x00000000c0000000, 0x00000000cc080000, 0x00000000eab00000)
  object space 197120K, 95% used [0x00000000c0000000,0x00000000cb8a4d08,0x00000000cc080000)
 Metaspace       used 94471K, committed 95680K, reserved 1138688K
  class space    used 9457K, committed 9984K, reserved 1048576K
}
Event: 2444.046 GC heap after
{Heap after GC invocations=5529 (full 109):
 PSYoungGen      total 3584K, used 1021K [0x00000000eab00000, 0x00000000eb180000, 0x0000000100000000)
  eden space 2560K, 0% used [0x00000000eab00000,0x00000000eab00000,0x00000000ead80000)
  from space 1024K, 99% used [0x00000000ead80000,0x00000000eae7f520,0x00000000eae80000)
  to   space 2048K, 0% used [0x00000000eaf80000,0x00000000eaf80000,0x00000000eb180000)
 ParOldGen       total 197120K, used 189847K [0x00000000c0000000, 0x00000000cc080000, 0x00000000eab00000)
  object space 197120K, 96% used [0x00000000c0000000,0x00000000cb965f08,0x00000000cc080000)
 Metaspace       used 94471K, committed 95680K, reserved 1138688K
  class space    used 9457K, committed 9984K, reserved 1048576K
}
Event: 2444.061 GC heap before
{Heap before GC invocations=5530 (full 109):
 PSYoungGen      total 3584K, used 3581K [0x00000000eab00000, 0x00000000eb180000, 0x0000000100000000)
  eden space 2560K, 99% used [0x00000000eab00000,0x00000000ead7ffe0,0x00000000ead80000)
  from space 1024K, 99% used [0x00000000ead80000,0x00000000eae7f520,0x00000000eae80000)
  to   space 2048K, 0% used [0x00000000eaf80000,0x00000000eaf80000,0x00000000eb180000)
 ParOldGen       total 197120K, used 189847K [0x00000000c0000000, 0x00000000cc080000, 0x00000000eab00000)
  object space 197120K, 96% used [0x00000000c0000000,0x00000000cb965f08,0x00000000cc080000)
 Metaspace       used 94471K, committed 95680K, reserved 1138688K
  class space    used 9457K, committed 9984K, reserved 1048576K
}
Event: 2444.069 GC heap after
{Heap after GC invocations=5530 (full 109):
 PSYoungGen      total 4608K, used 1248K [0x00000000eab00000, 0x00000000eb100000, 0x0000000100000000)
  eden space 3072K, 0% used [0x00000000eab00000,0x00000000eab00000,0x00000000eae00000)
  from space 1536K, 81% used [0x00000000eaf80000,0x00000000eb0b8000,0x00000000eb100000)
  to   space 1536K, 0% used [0x00000000eae00000,0x00000000eae00000,0x00000000eaf80000)
 ParOldGen       total 197120K, used 190733K [0x00000000c0000000, 0x00000000cc080000, 0x00000000eab00000)
  object space 197120K, 96% used [0x00000000c0000000,0x00000000cba43428,0x00000000cc080000)
 Metaspace       used 94471K, committed 95680K, reserved 1138688K
  class space    used 9457K, committed 9984K, reserved 1048576K
}
Event: 2444.126 GC heap before
{Heap before GC invocations=5531 (full 109):
 PSYoungGen      total 4608K, used 4320K [0x00000000eab00000, 0x00000000eb100000, 0x0000000100000000)
  eden space 3072K, 100% used [0x00000000eab00000,0x00000000eae00000,0x00000000eae00000)
  from space 1536K, 81% used [0x00000000eaf80000,0x00000000eb0b8000,0x00000000eb100000)
  to   space 1536K, 0% used [0x00000000eae00000,0x00000000eae00000,0x00000000eaf80000)
 ParOldGen       total 197120K, used 190733K [0x00000000c0000000, 0x00000000cc080000, 0x00000000eab00000)
  object space 197120K, 96% used [0x00000000c0000000,0x00000000cba43428,0x00000000cc080000)
 Metaspace       used 94471K, committed 95680K, reserved 1138688K
  class space    used 9457K, committed 9984K, reserved 1048576K
}
Event: 2444.137 GC heap after
{Heap after GC invocations=5531 (full 109):
 PSYoungGen      total 4608K, used 1536K [0x00000000eab00000, 0x00000000eb500000, 0x0000000100000000)
  eden space 3072K, 0% used [0x00000000eab00000,0x00000000eab00000,0x00000000eae00000)
  from space 1536K, 100% used [0x00000000eae00000,0x00000000eaf80000,0x00000000eaf80000)
  to   space 3072K, 0% used [0x00000000eb200000,0x00000000eb200000,0x00000000eb500000)
 ParOldGen       total 197120K, used 191957K [0x00000000c0000000, 0x00000000cc080000, 0x00000000eab00000)
  object space 197120K, 97% used [0x00000000c0000000,0x00000000cbb75428,0x00000000cc080000)
 Metaspace       used 94471K, committed 95680K, reserved 1138688K
  class space    used 9457K, committed 9984K, reserved 1048576K
}
Event: 2444.203 GC heap before
{Heap before GC invocations=5532 (full 109):
 PSYoungGen      total 4608K, used 4608K [0x00000000eab00000, 0x00000000eb500000, 0x0000000100000000)
  eden space 3072K, 100% used [0x00000000eab00000,0x00000000eae00000,0x00000000eae00000)
  from space 1536K, 100% used [0x00000000eae00000,0x00000000eaf80000,0x00000000eaf80000)
  to   space 3072K, 0% used [0x00000000eb200000,0x00000000eb200000,0x00000000eb500000)
 ParOldGen       total 197120K, used 191957K [0x00000000c0000000, 0x00000000cc080000, 0x00000000eab00000)
  object space 197120K, 97% used [0x00000000c0000000,0x00000000cbb75428,0x00000000cc080000)
 Metaspace       used 94471K, committed 95680K, reserved 1138688K
  class space    used 9457K, committed 9984K, reserved 1048576K
}
Event: 2444.215 GC heap after
{Heap after GC invocations=5532 (full 109):
 PSYoungGen      total 6656K, used 2269K [0x00000000eab00000, 0x00000000eb480000, 0x0000000100000000)
  eden space 4096K, 0% used [0x00000000eab00000,0x00000000eab00000,0x00000000eaf00000)
  from space 2560K, 88% used [0x00000000eb200000,0x00000000eb437520,0x00000000eb480000)
  to   space 2560K, 0% used [0x00000000eaf80000,0x00000000eaf80000,0x00000000eb200000)
 ParOldGen       total 197120K, used 193261K [0x00000000c0000000, 0x00000000cc080000, 0x00000000eab00000)
  object space 197120K, 98% used [0x00000000c0000000,0x00000000cbcbb428,0x00000000cc080000)
 Metaspace       used 94471K, committed 95680K, reserved 1138688K
  class space    used 9457K, committed 9984K, reserved 1048576K
}
Event: 2444.274 GC heap before
{Heap before GC invocations=5533 (full 109):
 PSYoungGen      total 6656K, used 6365K [0x00000000eab00000, 0x00000000eb480000, 0x0000000100000000)
  eden space 4096K, 99% used [0x00000000eab00000,0x00000000eaeffff8,0x00000000eaf00000)
  from space 2560K, 88% used [0x00000000eb200000,0x00000000eb437520,0x00000000eb480000)
  to   space 2560K, 0% used [0x00000000eaf80000,0x00000000eaf80000,0x00000000eb200000)
 ParOldGen       total 197120K, used 193261K [0x00000000c0000000, 0x00000000cc080000, 0x00000000eab00000)
  object space 197120K, 98% used [0x00000000c0000000,0x00000000cbcbb428,0x00000000cc080000)
 Metaspace       used 94471K, committed 95680K, reserved 1138688K
  class space    used 9457K, committed 9984K, reserved 1048576K
}
Event: 2444.281 GC heap after
{Heap after GC invocations=5533 (full 109):
 PSYoungGen      total 7168K, used 1457K [0x00000000eab00000, 0x00000000eb400000, 0x0000000100000000)
  eden space 4608K, 0% used [0x00000000eab00000,0x00000000eab00000,0x00000000eaf80000)
  from space 2560K, 56% used [0x00000000eaf80000,0x00000000eb0ec720,0x00000000eb200000)
  to   space 2048K, 0% used [0x00000000eb200000,0x00000000eb200000,0x00000000eb400000)
 ParOldGen       total 197120K, used 193293K [0x00000000c0000000, 0x00000000cc080000, 0x00000000eab00000)
  object space 197120K, 98% used [0x00000000c0000000,0x00000000cbcc3428,0x00000000cc080000)
 Metaspace       used 94471K, committed 95680K, reserved 1138688K
  class space    used 9457K, committed 9984K, reserved 1048576K
}
Event: 2444.334 GC heap before
{Heap before GC invocations=5534 (full 109):
 PSYoungGen      total 7168K, used 6065K [0x00000000eab00000, 0x00000000eb400000, 0x0000000100000000)
  eden space 4608K, 100% used [0x00000000eab00000,0x00000000eaf80000,0x00000000eaf80000)
  from space 2560K, 56% used [0x00000000eaf80000,0x00000000eb0ec720,0x00000000eb200000)
  to   space 2048K, 0% used [0x00000000eb200000,0x00000000eb200000,0x00000000eb400000)
 ParOldGen       total 197120K, used 193293K [0x00000000c0000000, 0x00000000cc080000, 0x00000000eab00000)
  object space 197120K, 98% used [0x00000000c0000000,0x00000000cbcc3428,0x00000000cc080000)
 Metaspace       used 94471K, committed 95680K, reserved 1138688K
  class space    used 9457K, committed 9984K, reserved 1048576K
}
Event: 2444.344 GC heap after
{Heap after GC invocations=5534 (full 109):
 PSYoungGen      total 7168K, used 1920K [0x00000000eab00000, 0x00000000eb480000, 0x0000000100000000)
  eden space 5120K, 0% used [0x00000000eab00000,0x00000000eab00000,0x00000000eb000000)
  from space 2048K, 93% used [0x00000000eb200000,0x00000000eb3e0000,0x00000000eb400000)
  to   space 2048K, 0% used [0x00000000eb000000,0x00000000eb000000,0x00000000eb200000)
 ParOldGen       total 197120K, used 194654K [0x00000000c0000000, 0x00000000cc080000, 0x00000000eab00000)
  object space 197120K, 98% used [0x00000000c0000000,0x00000000cbe17b48,0x00000000cc080000)
 Metaspace       used 94471K, committed 95680K, reserved 1138688K
  class space    used 9457K, committed 9984K, reserved 1048576K
}
Event: 2444.441 GC heap before
{Heap before GC invocations=5535 (full 109):
 PSYoungGen      total 7168K, used 7040K [0x00000000eab00000, 0x00000000eb480000, 0x0000000100000000)
  eden space 5120K, 100% used [0x00000000eab00000,0x00000000eb000000,0x00000000eb000000)
  from space 2048K, 93% used [0x00000000eb200000,0x00000000eb3e0000,0x00000000eb400000)
  to   space 2048K, 0% used [0x00000000eb000000,0x00000000eb000000,0x00000000eb200000)
 ParOldGen       total 197120K, used 194654K [0x00000000c0000000, 0x00000000cc080000, 0x00000000eab00000)
  object space 197120K, 98% used [0x00000000c0000000,0x00000000cbe17b48,0x00000000cc080000)
 Metaspace       used 94471K, committed 95680K, reserved 1138688K
  class space    used 9457K, committed 9984K, reserved 1048576K
}
Event: 2444.456 GC heap after
{Heap after GC invocations=5535 (full 109):
 PSYoungGen      total 7168K, used 2045K [0x00000000eab00000, 0x00000000ebc00000, 0x0000000100000000)
  eden space 5120K, 0% used [0x00000000eab00000,0x00000000eab00000,0x00000000eb000000)
  from space 2048K, 99% used [0x00000000eb000000,0x00000000eb1ff520,0x00000000eb200000)
  to   space 6144K, 0% used [0x00000000eb600000,0x00000000eb600000,0x00000000ebc00000)
 ParOldGen       total 198144K, used 197734K [0x00000000c0000000, 0x00000000cc180000, 0x00000000eab00000)
  object space 198144K, 99% used [0x00000000c0000000,0x00000000cc119b48,0x00000000cc180000)
 Metaspace       used 94471K, committed 95680K, reserved 1138688K
  class space    used 9457K, committed 9984K, reserved 1048576K
}
Event: 2444.456 GC heap before
{Heap before GC invocations=5536 (full 110):
 PSYoungGen      total 7168K, used 2045K [0x00000000eab00000, 0x00000000ebc00000, 0x0000000100000000)
  eden space 5120K, 0% used [0x00000000eab00000,0x00000000eab00000,0x00000000eb000000)
  from space 2048K, 99% used [0x00000000eb000000,0x00000000eb1ff520,0x00000000eb200000)
  to   space 6144K, 0% used [0x00000000eb600000,0x00000000eb600000,0x00000000ebc00000)
 ParOldGen       total 198144K, used 197734K [0x00000000c0000000, 0x00000000cc180000, 0x00000000eab00000)
  object space 198144K, 99% used [0x00000000c0000000,0x00000000cc119b48,0x00000000cc180000)
 Metaspace       used 94471K, committed 95680K, reserved 1138688K
  class space    used 9457K, committed 9984K, reserved 1048576K
}

